#
# There is insufficient memory for the Java Runtime Environment to continue.
# Native memory allocation (malloc) failed to allocate 1148336 bytes for Chunk::new
# Possible reasons:
#   The system is out of physical RAM or swap space
#   The process is running with CompressedOops enabled, and the Java Heap may be blocking the growth of the native heap
# Possible solutions:
#   Reduce memory load on the system
#   Increase physical memory or swap space
#   Check if swap backing store is full
#   Decrease Java heap size (-Xmx/-Xms)
#   Decrease number of Java threads
#   Decrease Java thread stack sizes (-Xss)
#   Set larger code cache with -XX:ReservedCodeCacheSize=
#   JVM is running with Unscaled Compressed Oops mode in which the Java heap is
#     placed in the first 4GB address space. The Java Heap base address is the
#     maximum limit for the native heap growth. Please use -XX:HeapBaseMinAddress
#     to set the Java Heap base and to place the Java Heap above 4GB virtual address.
# This output file may be truncated or incomplete.
#
#  Out of Memory Error (t:/workspace/open/src/hotspot/share/memory/arena.cpp:197), pid=10080, tid=3244
#
# JRE version: OpenJDK Runtime Environment (11.0+28) (build 11+28)
# Java VM: OpenJDK 64-Bit Server VM (11+28, mixed mode, tiered, compressed oops, g1 gc, windows-amd64)
# No core dump will be written. Minidumps are not enabled by default on client versions of Windows
#

---------------  S U M M A R Y ------------

Command Line: -Dorg.gradle.native=false -Xmx512m -Dfile.encoding=windows-1251 -Duser.country=US -Duser.language=en -Duser.variant -ea worker.org.gradle.process.internal.worker.GradleWorkerMain 'Gradle Test Executor 2'

Host: AMD Ryzen 5 3550H with Radeon Vega Mobile Gfx  , 8 cores, 13G,  Windows 10 , 64 bit Build 19041 (10.0.19041.546)
Time: Wed Nov 18 01:01:01 2020 W. Europe Standard Time elapsed time: 6 seconds (0d 0h 0m 6s)

---------------  T H R E A D  ---------------

Current thread (0x000001e6412da800):  JavaThread "C2 CompilerThread1" daemon [_thread_in_native, id=3244, stack(0x0000005fe9600000,0x0000005fe9700000)]


Current CompileTask:
C2:   6425 4355       4       org.springframework.core.annotation.AnnotationsScanner::process (43 bytes)

Stack: [0x0000005fe9600000,0x0000005fe9700000]
Native frames: (J=compiled Java code, j=interpreted, Vv=VM code, C=native code)
V  [jvm.dll+0x63adaa]
V  [jvm.dll+0x77852f]
V  [jvm.dll+0x779b18]
V  [jvm.dll+0x77a1d3]
V  [jvm.dll+0x2624c8]
V  [jvm.dll+0xc5b61]
V  [jvm.dll+0xc60fc]
V  [jvm.dll+0x36e692]
V  [jvm.dll+0x1ad66f]
V  [jvm.dll+0x21c472]
V  [jvm.dll+0x21b50a]
V  [jvm.dll+0x198400]
V  [jvm.dll+0x22a4ff]
V  [jvm.dll+0x228b18]
V  [jvm.dll+0x73dc3d]
V  [jvm.dll+0x639e42]
C  [ucrtbase.dll+0x214c2]
C  [KERNEL32.DLL+0x17034]
C  [ntdll.dll+0x4cec1]


---------------  P R O C E S S  ---------------

Threads class SMR info:
_java_thread_list=0x000001e63ffeb620, length=17, elements={
0x000001e622c00800, 0x000001e63df8c800, 0x000001e63e7cc000, 0x000001e63e7e0800,
0x000001e63e7e1800, 0x000001e63e827800, 0x000001e63e82f000, 0x000001e63e830000,
0x000001e63e99c000, 0x000001e63e946000, 0x000001e63f2e0000, 0x000001e63f315000,
0x000001e63f316000, 0x000001e6412da800, 0x000001e643376800, 0x000001e6412de800,
0x000001e63fe30800
}

Java Threads: ( => current thread )
  0x000001e622c00800 JavaThread "main" [_thread_blocked, id=12880, stack(0x0000005fe8100000,0x0000005fe8200000)]
  0x000001e63df8c800 JavaThread "Reference Handler" daemon [_thread_blocked, id=13120, stack(0x0000005fe8800000,0x0000005fe8900000)]
  0x000001e63e7cc000 JavaThread "Finalizer" daemon [_thread_blocked, id=17104, stack(0x0000005fe8900000,0x0000005fe8a00000)]
  0x000001e63e7e0800 JavaThread "Signal Dispatcher" daemon [_thread_blocked, id=8004, stack(0x0000005fe8a00000,0x0000005fe8b00000)]
  0x000001e63e7e1800 JavaThread "Attach Listener" daemon [_thread_blocked, id=12920, stack(0x0000005fe8b00000,0x0000005fe8c00000)]
  0x000001e63e827800 JavaThread "C2 CompilerThread0" daemon [_thread_in_native, id=1656, stack(0x0000005fe8c00000,0x0000005fe8d00000)]
  0x000001e63e82f000 JavaThread "C1 CompilerThread0" daemon [_thread_blocked, id=12780, stack(0x0000005fe8d00000,0x0000005fe8e00000)]
  0x000001e63e830000 JavaThread "Sweeper thread" daemon [_thread_blocked, id=18144, stack(0x0000005fe8e00000,0x0000005fe8f00000)]
  0x000001e63e99c000 JavaThread "Service Thread" daemon [_thread_blocked, id=16344, stack(0x0000005fe8f00000,0x0000005fe9000000)]
  0x000001e63e946000 JavaThread "Common-Cleaner" daemon [_thread_blocked, id=11680, stack(0x0000005fe9100000,0x0000005fe9200000)]
  0x000001e63f2e0000 JavaThread "Test worker" [_thread_in_native, id=15728, stack(0x0000005fe9300000,0x0000005fe9400000)]
  0x000001e63f315000 JavaThread "/127.0.0.1:4593 to /127.0.0.1:4592 workers Thread 2" [_thread_blocked, id=18056, stack(0x0000005fe9400000,0x0000005fe9500000)]
  0x000001e63f316000 JavaThread "/127.0.0.1:4593 to /127.0.0.1:4592 workers Thread 3" [_thread_in_native, id=17232, stack(0x0000005fe9500000,0x0000005fe9600000)]
=>0x000001e6412da800 JavaThread "C2 CompilerThread1" daemon [_thread_in_native, id=3244, stack(0x0000005fe9600000,0x0000005fe9700000)]
  0x000001e643376800 JavaThread "mysql-cj-abandoned-connection-cleanup" daemon [_thread_blocked, id=17768, stack(0x0000005fe9f00000,0x0000005fea000000)]
  0x000001e6412de800 JavaThread "C2 CompilerThread2" daemon [_thread_in_native, id=7956, stack(0x0000005fea000000,0x0000005fea100000)]
  0x000001e63fe30800 JavaThread "task-1" [_thread_in_Java, id=9700, stack(0x0000005fea100000,0x0000005fea200000)]

Other Threads:
  0x000001e63df89000 VMThread "VM Thread" [stack: 0x0000005fe8700000,0x0000005fe8800000] [id=17704]
  0x000001e63e99e000 WatcherThread [stack: 0x0000005fe9000000,0x0000005fe9100000] [id=18096]
  0x000001e622c19800 GCTaskThread "GC Thread#0" [stack: 0x0000005fe8200000,0x0000005fe8300000] [id=12132]
  0x000001e63feaa800 GCTaskThread "GC Thread#1" [stack: 0x0000005fe9700000,0x0000005fe9800000] [id=13492]
  0x000001e63f36d000 GCTaskThread "GC Thread#2" [stack: 0x0000005fe9800000,0x0000005fe9900000] [id=3204]
  0x000001e6401ed000 GCTaskThread "GC Thread#3" [stack: 0x0000005fe9900000,0x0000005fe9a00000] [id=10124]
  0x000001e64004a000 GCTaskThread "GC Thread#4" [stack: 0x0000005fe9a00000,0x0000005fe9b00000] [id=9620]
  0x000001e64004a800 GCTaskThread "GC Thread#5" [stack: 0x0000005fe9b00000,0x0000005fe9c00000] [id=16348]
  0x000001e6400a3000 GCTaskThread "GC Thread#6" [stack: 0x0000005fe9c00000,0x0000005fe9d00000] [id=1848]
  0x000001e6400a4000 GCTaskThread "GC Thread#7" [stack: 0x0000005fe9d00000,0x0000005fe9e00000] [id=11156]
  0x000001e622c2b000 ConcurrentGCThread "G1 Main Marker" [stack: 0x0000005fe8300000,0x0000005fe8400000] [id=3736]
  0x000001e622c2d000 ConcurrentGCThread "G1 Conc#0" [stack: 0x0000005fe8400000,0x0000005fe8500000] [id=17912]
  0x000001e640273800 ConcurrentGCThread "G1 Conc#1" [stack: 0x0000005fe9e00000,0x0000005fe9f00000] [id=12272]
  0x000001e63ddf6800 ConcurrentGCThread "G1 Refine#0" [stack: 0x0000005fe8500000,0x0000005fe8600000] [id=7356]
  0x000001e63ddf7800 ConcurrentGCThread "G1 Young RemSet Sampling" [stack: 0x0000005fe8600000,0x0000005fe8700000] [id=9072]

Threads with active compile tasks:
C2 CompilerThread04473 %     4       jdk.internal.loader.URLClassPath::getResource @ 39 (74 bytes)
C2 CompilerThread14355       4       org.springframework.core.annotation.AnnotationsScanner::process (43 bytes)
C2 CompilerThread24469       4       org.springframework.core.annotation.AnnotationsScanner::isKnownEmpty (60 bytes)

VM state:not at safepoint (normal execution)

VM Mutex/Monitor currently owned by a thread: None

Heap address: 0x00000000e0000000, size: 512 MB, Compressed Oops mode: 32-bit
Narrow klass base: 0x0000000000000000, Narrow klass shift: 3
Compressed class space size: 1073741824 Address: 0x0000000100000000

Heap:
 garbage-first heap   total 229376K, used 43441K [0x00000000e0000000, 0x0000000100000000)
  region size 1024K, 35 young (35840K), 11 survivors (11264K)
 Metaspace       used 50112K, capacity 51443K, committed 51712K, reserved 1093632K
  class space    used 6524K, capacity 7049K, committed 7168K, reserved 1048576K
Heap Regions: E=young(eden), S=young(survivor), O=old, HS=humongous(starts), HC=humongous(continues), CS=collection set, F=free, A=archive, TAMS=top-at-mark-start (previous, next)
|   0|0x00000000e0000000, 0x00000000e0100000, 0x00000000e0100000|100%|HS|  |TAMS 0x00000000e0100000, 0x00000000e0000000| Complete 
|   1|0x00000000e0100000, 0x00000000e0200000, 0x00000000e0200000|100%| O|  |TAMS 0x00000000e0200000, 0x00000000e0100000| Untracked 
|   2|0x00000000e0200000, 0x00000000e0300000, 0x00000000e0300000|100%| O|  |TAMS 0x00000000e0300000, 0x00000000e0200000| Untracked 
|   3|0x00000000e0300000, 0x00000000e0400000, 0x00000000e0400000|100%| O|  |TAMS 0x00000000e0400000, 0x00000000e0300000| Untracked 
|   4|0x00000000e0400000, 0x00000000e0500000, 0x00000000e0500000|100%| O|  |TAMS 0x00000000e0500000, 0x00000000e0400000| Untracked 
|   5|0x00000000e0500000, 0x00000000e0600000, 0x00000000e0600000|100%| O|  |TAMS 0x00000000e0600000, 0x00000000e0500000| Untracked 
|   6|0x00000000e0600000, 0x00000000e0700000, 0x00000000e0700000|100%| O|  |TAMS 0x00000000e0700000, 0x00000000e0600000| Untracked 
|   7|0x00000000e0700000, 0x00000000e0800000, 0x00000000e0800000|100%| O|  |TAMS 0x00000000e0800000, 0x00000000e0700000| Untracked 
|   8|0x00000000e0800000, 0x00000000e0882400, 0x00000000e0900000| 50%| O|  |TAMS 0x00000000e0882400, 0x00000000e0800000| Untracked 
|   9|0x00000000e0900000, 0x00000000e0900000, 0x00000000e0a00000|  0%| F|  |TAMS 0x00000000e0900000, 0x00000000e0900000| Untracked 
|  10|0x00000000e0a00000, 0x00000000e0a00000, 0x00000000e0b00000|  0%| F|  |TAMS 0x00000000e0a00000, 0x00000000e0a00000| Untracked 
|  11|0x00000000e0b00000, 0x00000000e0b00000, 0x00000000e0c00000|  0%| F|  |TAMS 0x00000000e0b00000, 0x00000000e0b00000| Untracked 
|  12|0x00000000e0c00000, 0x00000000e0c00000, 0x00000000e0d00000|  0%| F|  |TAMS 0x00000000e0c00000, 0x00000000e0c00000| Untracked 
|  13|0x00000000e0d00000, 0x00000000e0d00000, 0x00000000e0e00000|  0%| F|  |TAMS 0x00000000e0d00000, 0x00000000e0d00000| Untracked 
|  14|0x00000000e0e00000, 0x00000000e0e00000, 0x00000000e0f00000|  0%| F|  |TAMS 0x00000000e0e00000, 0x00000000e0e00000| Untracked 
|  15|0x00000000e0f00000, 0x00000000e0f00000, 0x00000000e1000000|  0%| F|  |TAMS 0x00000000e0f00000, 0x00000000e0f00000| Untracked 
|  16|0x00000000e1000000, 0x00000000e1000000, 0x00000000e1100000|  0%| F|  |TAMS 0x00000000e1000000, 0x00000000e1000000| Untracked 
|  17|0x00000000e1100000, 0x00000000e1100000, 0x00000000e1200000|  0%| F|  |TAMS 0x00000000e1100000, 0x00000000e1100000| Untracked 
|  18|0x00000000e1200000, 0x00000000e1200000, 0x00000000e1300000|  0%| F|  |TAMS 0x00000000e1200000, 0x00000000e1200000| Untracked 
|  19|0x00000000e1300000, 0x00000000e1300000, 0x00000000e1400000|  0%| F|  |TAMS 0x00000000e1300000, 0x00000000e1300000| Untracked 
|  20|0x00000000e1400000, 0x00000000e1400000, 0x00000000e1500000|  0%| F|  |TAMS 0x00000000e1400000, 0x00000000e1400000| Untracked 
|  21|0x00000000e1500000, 0x00000000e1500000, 0x00000000e1600000|  0%| F|  |TAMS 0x00000000e1500000, 0x00000000e1500000| Untracked 
|  22|0x00000000e1600000, 0x00000000e1600000, 0x00000000e1700000|  0%| F|  |TAMS 0x00000000e1600000, 0x00000000e1600000| Untracked 
|  23|0x00000000e1700000, 0x00000000e1700000, 0x00000000e1800000|  0%| F|  |TAMS 0x00000000e1700000, 0x00000000e1700000| Untracked 
|  24|0x00000000e1800000, 0x00000000e1800000, 0x00000000e1900000|  0%| F|  |TAMS 0x00000000e1800000, 0x00000000e1800000| Untracked 
|  25|0x00000000e1900000, 0x00000000e1900000, 0x00000000e1a00000|  0%| F|  |TAMS 0x00000000e1900000, 0x00000000e1900000| Untracked 
|  26|0x00000000e1a00000, 0x00000000e1a00000, 0x00000000e1b00000|  0%| F|  |TAMS 0x00000000e1a00000, 0x00000000e1a00000| Untracked 
|  27|0x00000000e1b00000, 0x00000000e1b00000, 0x00000000e1c00000|  0%| F|  |TAMS 0x00000000e1b00000, 0x00000000e1b00000| Untracked 
|  28|0x00000000e1c00000, 0x00000000e1c00000, 0x00000000e1d00000|  0%| F|  |TAMS 0x00000000e1c00000, 0x00000000e1c00000| Untracked 
|  29|0x00000000e1d00000, 0x00000000e1d00000, 0x00000000e1e00000|  0%| F|  |TAMS 0x00000000e1d00000, 0x00000000e1d00000| Untracked 
|  30|0x00000000e1e00000, 0x00000000e1e00000, 0x00000000e1f00000|  0%| F|  |TAMS 0x00000000e1e00000, 0x00000000e1e00000| Untracked 
|  31|0x00000000e1f00000, 0x00000000e1f00000, 0x00000000e2000000|  0%| F|  |TAMS 0x00000000e1f00000, 0x00000000e1f00000| Untracked 
|  32|0x00000000e2000000, 0x00000000e2000000, 0x00000000e2100000|  0%| F|  |TAMS 0x00000000e2000000, 0x00000000e2000000| Untracked 
|  33|0x00000000e2100000, 0x00000000e2100000, 0x00000000e2200000|  0%| F|  |TAMS 0x00000000e2100000, 0x00000000e2100000| Untracked 
|  34|0x00000000e2200000, 0x00000000e2200000, 0x00000000e2300000|  0%| F|  |TAMS 0x00000000e2200000, 0x00000000e2200000| Untracked 
|  35|0x00000000e2300000, 0x00000000e2300000, 0x00000000e2400000|  0%| F|  |TAMS 0x00000000e2300000, 0x00000000e2300000| Untracked 
|  36|0x00000000e2400000, 0x00000000e2400000, 0x00000000e2500000|  0%| F|  |TAMS 0x00000000e2400000, 0x00000000e2400000| Untracked 
|  37|0x00000000e2500000, 0x00000000e2500000, 0x00000000e2600000|  0%| F|  |TAMS 0x00000000e2500000, 0x00000000e2500000| Untracked 
|  38|0x00000000e2600000, 0x00000000e2600000, 0x00000000e2700000|  0%| F|  |TAMS 0x00000000e2600000, 0x00000000e2600000| Untracked 
|  39|0x00000000e2700000, 0x00000000e2700000, 0x00000000e2800000|  0%| F|  |TAMS 0x00000000e2700000, 0x00000000e2700000| Untracked 
|  40|0x00000000e2800000, 0x00000000e2800000, 0x00000000e2900000|  0%| F|  |TAMS 0x00000000e2800000, 0x00000000e2800000| Untracked 
|  41|0x00000000e2900000, 0x00000000e2900000, 0x00000000e2a00000|  0%| F|  |TAMS 0x00000000e2900000, 0x00000000e2900000| Untracked 
|  42|0x00000000e2a00000, 0x00000000e2a00000, 0x00000000e2b00000|  0%| F|  |TAMS 0x00000000e2a00000, 0x00000000e2a00000| Untracked 
|  43|0x00000000e2b00000, 0x00000000e2b00000, 0x00000000e2c00000|  0%| F|  |TAMS 0x00000000e2b00000, 0x00000000e2b00000| Untracked 
|  44|0x00000000e2c00000, 0x00000000e2c00000, 0x00000000e2d00000|  0%| F|  |TAMS 0x00000000e2c00000, 0x00000000e2c00000| Untracked 
|  45|0x00000000e2d00000, 0x00000000e2d00000, 0x00000000e2e00000|  0%| F|  |TAMS 0x00000000e2d00000, 0x00000000e2d00000| Untracked 
|  46|0x00000000e2e00000, 0x00000000e2e00000, 0x00000000e2f00000|  0%| F|  |TAMS 0x00000000e2e00000, 0x00000000e2e00000| Untracked 
|  47|0x00000000e2f00000, 0x00000000e2f00000, 0x00000000e3000000|  0%| F|  |TAMS 0x00000000e2f00000, 0x00000000e2f00000| Untracked 
|  48|0x00000000e3000000, 0x00000000e3000000, 0x00000000e3100000|  0%| F|  |TAMS 0x00000000e3000000, 0x00000000e3000000| Untracked 
|  49|0x00000000e3100000, 0x00000000e3100000, 0x00000000e3200000|  0%| F|  |TAMS 0x00000000e3100000, 0x00000000e3100000| Untracked 
|  50|0x00000000e3200000, 0x00000000e3200000, 0x00000000e3300000|  0%| F|  |TAMS 0x00000000e3200000, 0x00000000e3200000| Untracked 
|  51|0x00000000e3300000, 0x00000000e3300000, 0x00000000e3400000|  0%| F|  |TAMS 0x00000000e3300000, 0x00000000e3300000| Untracked 
|  52|0x00000000e3400000, 0x00000000e3400000, 0x00000000e3500000|  0%| F|  |TAMS 0x00000000e3400000, 0x00000000e3400000| Untracked 
|  53|0x00000000e3500000, 0x00000000e3500000, 0x00000000e3600000|  0%| F|  |TAMS 0x00000000e3500000, 0x00000000e3500000| Untracked 
|  54|0x00000000e3600000, 0x00000000e3600000, 0x00000000e3700000|  0%| F|  |TAMS 0x00000000e3600000, 0x00000000e3600000| Untracked 
|  55|0x00000000e3700000, 0x00000000e3700000, 0x00000000e3800000|  0%| F|  |TAMS 0x00000000e3700000, 0x00000000e3700000| Untracked 
|  56|0x00000000e3800000, 0x00000000e3800000, 0x00000000e3900000|  0%| F|  |TAMS 0x00000000e3800000, 0x00000000e3800000| Untracked 
|  57|0x00000000e3900000, 0x00000000e3900000, 0x00000000e3a00000|  0%| F|  |TAMS 0x00000000e3900000, 0x00000000e3900000| Untracked 
|  58|0x00000000e3a00000, 0x00000000e3a00000, 0x00000000e3b00000|  0%| F|  |TAMS 0x00000000e3a00000, 0x00000000e3a00000| Untracked 
|  59|0x00000000e3b00000, 0x00000000e3b00000, 0x00000000e3c00000|  0%| F|  |TAMS 0x00000000e3b00000, 0x00000000e3b00000| Untracked 
|  60|0x00000000e3c00000, 0x00000000e3c00000, 0x00000000e3d00000|  0%| F|  |TAMS 0x00000000e3c00000, 0x00000000e3c00000| Untracked 
|  61|0x00000000e3d00000, 0x00000000e3d00000, 0x00000000e3e00000|  0%| F|  |TAMS 0x00000000e3d00000, 0x00000000e3d00000| Untracked 
|  62|0x00000000e3e00000, 0x00000000e3e00000, 0x00000000e3f00000|  0%| F|  |TAMS 0x00000000e3e00000, 0x00000000e3e00000| Untracked 
|  63|0x00000000e3f00000, 0x00000000e3f00000, 0x00000000e4000000|  0%| F|  |TAMS 0x00000000e3f00000, 0x00000000e3f00000| Untracked 
|  64|0x00000000e4000000, 0x00000000e4000000, 0x00000000e4100000|  0%| F|  |TAMS 0x00000000e4000000, 0x00000000e4000000| Untracked 
|  65|0x00000000e4100000, 0x00000000e4100000, 0x00000000e4200000|  0%| F|  |TAMS 0x00000000e4100000, 0x00000000e4100000| Untracked 
|  66|0x00000000e4200000, 0x00000000e4200000, 0x00000000e4300000|  0%| F|  |TAMS 0x00000000e4200000, 0x00000000e4200000| Untracked 
|  67|0x00000000e4300000, 0x00000000e4300000, 0x00000000e4400000|  0%| F|  |TAMS 0x00000000e4300000, 0x00000000e4300000| Untracked 
|  68|0x00000000e4400000, 0x00000000e4400000, 0x00000000e4500000|  0%| F|  |TAMS 0x00000000e4400000, 0x00000000e4400000| Untracked 
|  69|0x00000000e4500000, 0x00000000e4500000, 0x00000000e4600000|  0%| F|  |TAMS 0x00000000e4500000, 0x00000000e4500000| Untracked 
|  70|0x00000000e4600000, 0x00000000e4600000, 0x00000000e4700000|  0%| F|  |TAMS 0x00000000e4600000, 0x00000000e4600000| Untracked 
|  71|0x00000000e4700000, 0x00000000e4700000, 0x00000000e4800000|  0%| F|  |TAMS 0x00000000e4700000, 0x00000000e4700000| Untracked 
|  72|0x00000000e4800000, 0x00000000e4800000, 0x00000000e4900000|  0%| F|  |TAMS 0x00000000e4800000, 0x00000000e4800000| Untracked 
|  73|0x00000000e4900000, 0x00000000e4900000, 0x00000000e4a00000|  0%| F|  |TAMS 0x00000000e4900000, 0x00000000e4900000| Untracked 
|  74|0x00000000e4a00000, 0x00000000e4a00000, 0x00000000e4b00000|  0%| F|  |TAMS 0x00000000e4a00000, 0x00000000e4a00000| Untracked 
|  75|0x00000000e4b00000, 0x00000000e4b00000, 0x00000000e4c00000|  0%| F|  |TAMS 0x00000000e4b00000, 0x00000000e4b00000| Untracked 
|  76|0x00000000e4c00000, 0x00000000e4c00000, 0x00000000e4d00000|  0%| F|  |TAMS 0x00000000e4c00000, 0x00000000e4c00000| Untracked 
|  77|0x00000000e4d00000, 0x00000000e4d00000, 0x00000000e4e00000|  0%| F|  |TAMS 0x00000000e4d00000, 0x00000000e4d00000| Untracked 
|  78|0x00000000e4e00000, 0x00000000e4e00000, 0x00000000e4f00000|  0%| F|  |TAMS 0x00000000e4e00000, 0x00000000e4e00000| Untracked 
|  79|0x00000000e4f00000, 0x00000000e4fea090, 0x00000000e5000000| 91%| S|CS|TAMS 0x00000000e4f00000, 0x00000000e4f00000| Complete 
|  80|0x00000000e5000000, 0x00000000e5100000, 0x00000000e5100000|100%| S|CS|TAMS 0x00000000e5000000, 0x00000000e5000000| Complete 
|  81|0x00000000e5100000, 0x00000000e5200000, 0x00000000e5200000|100%| S|CS|TAMS 0x00000000e5100000, 0x00000000e5100000| Complete 
|  82|0x00000000e5200000, 0x00000000e5300000, 0x00000000e5300000|100%| S|CS|TAMS 0x00000000e5200000, 0x00000000e5200000| Complete 
|  83|0x00000000e5300000, 0x00000000e5400000, 0x00000000e5400000|100%| S|CS|TAMS 0x00000000e5300000, 0x00000000e5300000| Complete 
|  84|0x00000000e5400000, 0x00000000e5500000, 0x00000000e5500000|100%| S|CS|TAMS 0x00000000e5400000, 0x00000000e5400000| Complete 
|  85|0x00000000e5500000, 0x00000000e5600000, 0x00000000e5600000|100%| S|CS|TAMS 0x00000000e5500000, 0x00000000e5500000| Complete 
|  86|0x00000000e5600000, 0x00000000e5700000, 0x00000000e5700000|100%| S|CS|TAMS 0x00000000e5600000, 0x00000000e5600000| Complete 
|  87|0x00000000e5700000, 0x00000000e5800000, 0x00000000e5800000|100%| S|CS|TAMS 0x00000000e5700000, 0x00000000e5700000| Complete 
|  88|0x00000000e5800000, 0x00000000e5900000, 0x00000000e5900000|100%| S|CS|TAMS 0x00000000e5800000, 0x00000000e5800000| Complete 
|  89|0x00000000e5900000, 0x00000000e5a00000, 0x00000000e5a00000|100%| S|CS|TAMS 0x00000000e5900000, 0x00000000e5900000| Complete 
|  90|0x00000000e5a00000, 0x00000000e5a00000, 0x00000000e5b00000|  0%| F|  |TAMS 0x00000000e5a00000, 0x00000000e5a00000| Untracked 
|  91|0x00000000e5b00000, 0x00000000e5b00000, 0x00000000e5c00000|  0%| F|  |TAMS 0x00000000e5b00000, 0x00000000e5b00000| Untracked 
|  92|0x00000000e5c00000, 0x00000000e5c00000, 0x00000000e5d00000|  0%| F|  |TAMS 0x00000000e5c00000, 0x00000000e5c00000| Untracked 
|  93|0x00000000e5d00000, 0x00000000e5d00000, 0x00000000e5e00000|  0%| F|  |TAMS 0x00000000e5d00000, 0x00000000e5d00000| Untracked 
|  94|0x00000000e5e00000, 0x00000000e5e00000, 0x00000000e5f00000|  0%| F|  |TAMS 0x00000000e5e00000, 0x00000000e5e00000| Untracked 
|  95|0x00000000e5f00000, 0x00000000e5f00000, 0x00000000e6000000|  0%| F|  |TAMS 0x00000000e5f00000, 0x00000000e5f00000| Untracked 
|  96|0x00000000e6000000, 0x00000000e6000000, 0x00000000e6100000|  0%| F|  |TAMS 0x00000000e6000000, 0x00000000e6000000| Untracked 
|  97|0x00000000e6100000, 0x00000000e6100000, 0x00000000e6200000|  0%| F|  |TAMS 0x00000000e6100000, 0x00000000e6100000| Untracked 
|  98|0x00000000e6200000, 0x00000000e6200000, 0x00000000e6300000|  0%| F|  |TAMS 0x00000000e6200000, 0x00000000e6200000| Untracked 
|  99|0x00000000e6300000, 0x00000000e6300000, 0x00000000e6400000|  0%| F|  |TAMS 0x00000000e6300000, 0x00000000e6300000| Untracked 
| 100|0x00000000e6400000, 0x00000000e6400000, 0x00000000e6500000|  0%| F|  |TAMS 0x00000000e6400000, 0x00000000e6400000| Untracked 
| 101|0x00000000e6500000, 0x00000000e6500000, 0x00000000e6600000|  0%| F|  |TAMS 0x00000000e6500000, 0x00000000e6500000| Untracked 
| 102|0x00000000e6600000, 0x00000000e6600000, 0x00000000e6700000|  0%| F|  |TAMS 0x00000000e6600000, 0x00000000e6600000| Untracked 
| 103|0x00000000e6700000, 0x00000000e6700000, 0x00000000e6800000|  0%| F|  |TAMS 0x00000000e6700000, 0x00000000e6700000| Untracked 
| 104|0x00000000e6800000, 0x00000000e6800000, 0x00000000e6900000|  0%| F|  |TAMS 0x00000000e6800000, 0x00000000e6800000| Untracked 
| 105|0x00000000e6900000, 0x00000000e6900000, 0x00000000e6a00000|  0%| F|  |TAMS 0x00000000e6900000, 0x00000000e6900000| Untracked 
| 106|0x00000000e6a00000, 0x00000000e6a00000, 0x00000000e6b00000|  0%| F|  |TAMS 0x00000000e6a00000, 0x00000000e6a00000| Untracked 
| 107|0x00000000e6b00000, 0x00000000e6b00000, 0x00000000e6c00000|  0%| F|  |TAMS 0x00000000e6b00000, 0x00000000e6b00000| Untracked 
| 108|0x00000000e6c00000, 0x00000000e6c00000, 0x00000000e6d00000|  0%| F|  |TAMS 0x00000000e6c00000, 0x00000000e6c00000| Untracked 
| 109|0x00000000e6d00000, 0x00000000e6d00000, 0x00000000e6e00000|  0%| F|  |TAMS 0x00000000e6d00000, 0x00000000e6d00000| Untracked 
| 110|0x00000000e6e00000, 0x00000000e6e00000, 0x00000000e6f00000|  0%| F|  |TAMS 0x00000000e6e00000, 0x00000000e6e00000| Untracked 
| 111|0x00000000e6f00000, 0x00000000e6f00000, 0x00000000e7000000|  0%| F|  |TAMS 0x00000000e6f00000, 0x00000000e6f00000| Untracked 
| 112|0x00000000e7000000, 0x00000000e7000000, 0x00000000e7100000|  0%| F|  |TAMS 0x00000000e7000000, 0x00000000e7000000| Untracked 
| 113|0x00000000e7100000, 0x00000000e7100000, 0x00000000e7200000|  0%| F|  |TAMS 0x00000000e7100000, 0x00000000e7100000| Untracked 
| 114|0x00000000e7200000, 0x00000000e7200000, 0x00000000e7300000|  0%| F|  |TAMS 0x00000000e7200000, 0x00000000e7200000| Untracked 
| 115|0x00000000e7300000, 0x00000000e7300000, 0x00000000e7400000|  0%| F|  |TAMS 0x00000000e7300000, 0x00000000e7300000| Untracked 
| 116|0x00000000e7400000, 0x00000000e7400000, 0x00000000e7500000|  0%| F|  |TAMS 0x00000000e7400000, 0x00000000e7400000| Untracked 
| 117|0x00000000e7500000, 0x00000000e7500000, 0x00000000e7600000|  0%| F|  |TAMS 0x00000000e7500000, 0x00000000e7500000| Untracked 
| 118|0x00000000e7600000, 0x00000000e7600000, 0x00000000e7700000|  0%| F|  |TAMS 0x00000000e7600000, 0x00000000e7600000| Untracked 
| 119|0x00000000e7700000, 0x00000000e7700000, 0x00000000e7800000|  0%| F|  |TAMS 0x00000000e7700000, 0x00000000e7700000| Untracked 
| 120|0x00000000e7800000, 0x00000000e7800000, 0x00000000e7900000|  0%| F|  |TAMS 0x00000000e7800000, 0x00000000e7800000| Untracked 
| 121|0x00000000e7900000, 0x00000000e7900000, 0x00000000e7a00000|  0%| F|  |TAMS 0x00000000e7900000, 0x00000000e7900000| Untracked 
| 122|0x00000000e7a00000, 0x00000000e7a00000, 0x00000000e7b00000|  0%| F|  |TAMS 0x00000000e7a00000, 0x00000000e7a00000| Untracked 
| 123|0x00000000e7b00000, 0x00000000e7b00000, 0x00000000e7c00000|  0%| F|  |TAMS 0x00000000e7b00000, 0x00000000e7b00000| Untracked 
| 124|0x00000000e7c00000, 0x00000000e7c00000, 0x00000000e7d00000|  0%| F|  |TAMS 0x00000000e7c00000, 0x00000000e7c00000| Untracked 
| 125|0x00000000e7d00000, 0x00000000e7d00000, 0x00000000e7e00000|  0%| F|  |TAMS 0x00000000e7d00000, 0x00000000e7d00000| Untracked 
| 126|0x00000000e7e00000, 0x00000000e7e00000, 0x00000000e7f00000|  0%| F|  |TAMS 0x00000000e7e00000, 0x00000000e7e00000| Untracked 
| 127|0x00000000e7f00000, 0x00000000e7f00000, 0x00000000e8000000|  0%| F|  |TAMS 0x00000000e7f00000, 0x00000000e7f00000| Untracked 
| 128|0x00000000e8000000, 0x00000000e8000000, 0x00000000e8100000|  0%| F|  |TAMS 0x00000000e8000000, 0x00000000e8000000| Untracked 
| 129|0x00000000e8100000, 0x00000000e8100000, 0x00000000e8200000|  0%| F|  |TAMS 0x00000000e8100000, 0x00000000e8100000| Untracked 
| 130|0x00000000e8200000, 0x00000000e8200000, 0x00000000e8300000|  0%| F|  |TAMS 0x00000000e8200000, 0x00000000e8200000| Untracked 
| 131|0x00000000e8300000, 0x00000000e8300000, 0x00000000e8400000|  0%| F|  |TAMS 0x00000000e8300000, 0x00000000e8300000| Untracked 
| 132|0x00000000e8400000, 0x00000000e8400000, 0x00000000e8500000|  0%| F|  |TAMS 0x00000000e8400000, 0x00000000e8400000| Untracked 
| 133|0x00000000e8500000, 0x00000000e8500000, 0x00000000e8600000|  0%| F|  |TAMS 0x00000000e8500000, 0x00000000e8500000| Untracked 
| 134|0x00000000e8600000, 0x00000000e8600000, 0x00000000e8700000|  0%| F|  |TAMS 0x00000000e8600000, 0x00000000e8600000| Untracked 
| 135|0x00000000e8700000, 0x00000000e8700000, 0x00000000e8800000|  0%| F|  |TAMS 0x00000000e8700000, 0x00000000e8700000| Untracked 
| 136|0x00000000e8800000, 0x00000000e8800000, 0x00000000e8900000|  0%| F|  |TAMS 0x00000000e8800000, 0x00000000e8800000| Untracked 
| 137|0x00000000e8900000, 0x00000000e8900000, 0x00000000e8a00000|  0%| F|  |TAMS 0x00000000e8900000, 0x00000000e8900000| Untracked 
| 138|0x00000000e8a00000, 0x00000000e8a00000, 0x00000000e8b00000|  0%| F|  |TAMS 0x00000000e8a00000, 0x00000000e8a00000| Untracked 
| 139|0x00000000e8b00000, 0x00000000e8b00000, 0x00000000e8c00000|  0%| F|  |TAMS 0x00000000e8b00000, 0x00000000e8b00000| Untracked 
| 140|0x00000000e8c00000, 0x00000000e8c00000, 0x00000000e8d00000|  0%| F|  |TAMS 0x00000000e8c00000, 0x00000000e8c00000| Untracked 
| 141|0x00000000e8d00000, 0x00000000e8d00000, 0x00000000e8e00000|  0%| F|  |TAMS 0x00000000e8d00000, 0x00000000e8d00000| Untracked 
| 142|0x00000000e8e00000, 0x00000000e8e00000, 0x00000000e8f00000|  0%| F|  |TAMS 0x00000000e8e00000, 0x00000000e8e00000| Untracked 
| 143|0x00000000e8f00000, 0x00000000e8f00000, 0x00000000e9000000|  0%| F|  |TAMS 0x00000000e8f00000, 0x00000000e8f00000| Untracked 
| 144|0x00000000e9000000, 0x00000000e9000000, 0x00000000e9100000|  0%| F|  |TAMS 0x00000000e9000000, 0x00000000e9000000| Untracked 
| 145|0x00000000e9100000, 0x00000000e9100000, 0x00000000e9200000|  0%| F|  |TAMS 0x00000000e9100000, 0x00000000e9100000| Untracked 
| 146|0x00000000e9200000, 0x00000000e9200000, 0x00000000e9300000|  0%| F|  |TAMS 0x00000000e9200000, 0x00000000e9200000| Untracked 
| 147|0x00000000e9300000, 0x00000000e9300000, 0x00000000e9400000|  0%| F|  |TAMS 0x00000000e9300000, 0x00000000e9300000| Untracked 
| 148|0x00000000e9400000, 0x00000000e9400000, 0x00000000e9500000|  0%| F|  |TAMS 0x00000000e9400000, 0x00000000e9400000| Untracked 
| 149|0x00000000e9500000, 0x00000000e9500000, 0x00000000e9600000|  0%| F|  |TAMS 0x00000000e9500000, 0x00000000e9500000| Untracked 
| 150|0x00000000e9600000, 0x00000000e9600000, 0x00000000e9700000|  0%| F|  |TAMS 0x00000000e9600000, 0x00000000e9600000| Untracked 
| 151|0x00000000e9700000, 0x00000000e9700000, 0x00000000e9800000|  0%| F|  |TAMS 0x00000000e9700000, 0x00000000e9700000| Untracked 
| 152|0x00000000e9800000, 0x00000000e9800000, 0x00000000e9900000|  0%| F|  |TAMS 0x00000000e9800000, 0x00000000e9800000| Untracked 
| 153|0x00000000e9900000, 0x00000000e9900000, 0x00000000e9a00000|  0%| F|  |TAMS 0x00000000e9900000, 0x00000000e9900000| Untracked 
| 154|0x00000000e9a00000, 0x00000000e9a00000, 0x00000000e9b00000|  0%| F|  |TAMS 0x00000000e9a00000, 0x00000000e9a00000| Untracked 
| 155|0x00000000e9b00000, 0x00000000e9b00000, 0x00000000e9c00000|  0%| F|  |TAMS 0x00000000e9b00000, 0x00000000e9b00000| Untracked 
| 156|0x00000000e9c00000, 0x00000000e9c00000, 0x00000000e9d00000|  0%| F|  |TAMS 0x00000000e9c00000, 0x00000000e9c00000| Untracked 
| 157|0x00000000e9d00000, 0x00000000e9d00000, 0x00000000e9e00000|  0%| F|  |TAMS 0x00000000e9d00000, 0x00000000e9d00000| Untracked 
| 158|0x00000000e9e00000, 0x00000000e9e00000, 0x00000000e9f00000|  0%| F|  |TAMS 0x00000000e9e00000, 0x00000000e9e00000| Untracked 
| 159|0x00000000e9f00000, 0x00000000e9f00000, 0x00000000ea000000|  0%| F|  |TAMS 0x00000000e9f00000, 0x00000000e9f00000| Untracked 
| 160|0x00000000ea000000, 0x00000000ea000000, 0x00000000ea100000|  0%| F|  |TAMS 0x00000000ea000000, 0x00000000ea000000| Untracked 
| 161|0x00000000ea100000, 0x00000000ea100000, 0x00000000ea200000|  0%| F|  |TAMS 0x00000000ea100000, 0x00000000ea100000| Untracked 
| 162|0x00000000ea200000, 0x00000000ea200000, 0x00000000ea300000|  0%| F|  |TAMS 0x00000000ea200000, 0x00000000ea200000| Untracked 
| 163|0x00000000ea300000, 0x00000000ea300000, 0x00000000ea400000|  0%| F|  |TAMS 0x00000000ea300000, 0x00000000ea300000| Untracked 
| 164|0x00000000ea400000, 0x00000000ea400000, 0x00000000ea500000|  0%| F|  |TAMS 0x00000000ea400000, 0x00000000ea400000| Untracked 
| 165|0x00000000ea500000, 0x00000000ea500000, 0x00000000ea600000|  0%| F|  |TAMS 0x00000000ea500000, 0x00000000ea500000| Untracked 
| 166|0x00000000ea600000, 0x00000000ea600000, 0x00000000ea700000|  0%| F|  |TAMS 0x00000000ea600000, 0x00000000ea600000| Untracked 
| 167|0x00000000ea700000, 0x00000000ea700000, 0x00000000ea800000|  0%| F|  |TAMS 0x00000000ea700000, 0x00000000ea700000| Untracked 
| 168|0x00000000ea800000, 0x00000000ea800000, 0x00000000ea900000|  0%| F|  |TAMS 0x00000000ea800000, 0x00000000ea800000| Untracked 
| 169|0x00000000ea900000, 0x00000000ea900000, 0x00000000eaa00000|  0%| F|  |TAMS 0x00000000ea900000, 0x00000000ea900000| Untracked 
| 170|0x00000000eaa00000, 0x00000000eaa00000, 0x00000000eab00000|  0%| F|  |TAMS 0x00000000eaa00000, 0x00000000eaa00000| Untracked 
| 171|0x00000000eab00000, 0x00000000eab00000, 0x00000000eac00000|  0%| F|  |TAMS 0x00000000eab00000, 0x00000000eab00000| Untracked 
| 172|0x00000000eac00000, 0x00000000eac00000, 0x00000000ead00000|  0%| F|  |TAMS 0x00000000eac00000, 0x00000000eac00000| Untracked 
| 173|0x00000000ead00000, 0x00000000ead00000, 0x00000000eae00000|  0%| F|  |TAMS 0x00000000ead00000, 0x00000000ead00000| Untracked 
| 174|0x00000000eae00000, 0x00000000eae00000, 0x00000000eaf00000|  0%| F|  |TAMS 0x00000000eae00000, 0x00000000eae00000| Untracked 
| 175|0x00000000eaf00000, 0x00000000eaf00000, 0x00000000eb000000|  0%| F|  |TAMS 0x00000000eaf00000, 0x00000000eaf00000| Untracked 
| 176|0x00000000eb000000, 0x00000000eb000000, 0x00000000eb100000|  0%| F|  |TAMS 0x00000000eb000000, 0x00000000eb000000| Untracked 
| 177|0x00000000eb100000, 0x00000000eb100000, 0x00000000eb200000|  0%| F|  |TAMS 0x00000000eb100000, 0x00000000eb100000| Untracked 
| 178|0x00000000eb200000, 0x00000000eb200000, 0x00000000eb300000|  0%| F|  |TAMS 0x00000000eb200000, 0x00000000eb200000| Untracked 
| 179|0x00000000eb300000, 0x00000000eb300000, 0x00000000eb400000|  0%| F|  |TAMS 0x00000000eb300000, 0x00000000eb300000| Untracked 
| 180|0x00000000eb400000, 0x00000000eb400000, 0x00000000eb500000|  0%| F|  |TAMS 0x00000000eb400000, 0x00000000eb400000| Untracked 
| 181|0x00000000eb500000, 0x00000000eb500000, 0x00000000eb600000|  0%| F|  |TAMS 0x00000000eb500000, 0x00000000eb500000| Untracked 
| 182|0x00000000eb600000, 0x00000000eb600000, 0x00000000eb700000|  0%| F|  |TAMS 0x00000000eb600000, 0x00000000eb600000| Untracked 
| 183|0x00000000eb700000, 0x00000000eb700000, 0x00000000eb800000|  0%| F|  |TAMS 0x00000000eb700000, 0x00000000eb700000| Untracked 
| 184|0x00000000eb800000, 0x00000000eb800000, 0x00000000eb900000|  0%| F|  |TAMS 0x00000000eb800000, 0x00000000eb800000| Untracked 
| 185|0x00000000eb900000, 0x00000000eb900000, 0x00000000eba00000|  0%| F|  |TAMS 0x00000000eb900000, 0x00000000eb900000| Untracked 
| 186|0x00000000eba00000, 0x00000000eba00000, 0x00000000ebb00000|  0%| F|  |TAMS 0x00000000eba00000, 0x00000000eba00000| Untracked 
| 187|0x00000000ebb00000, 0x00000000ebb00000, 0x00000000ebc00000|  0%| F|  |TAMS 0x00000000ebb00000, 0x00000000ebb00000| Untracked 
| 188|0x00000000ebc00000, 0x00000000ebc00000, 0x00000000ebd00000|  0%| F|  |TAMS 0x00000000ebc00000, 0x00000000ebc00000| Untracked 
| 189|0x00000000ebd00000, 0x00000000ebd00000, 0x00000000ebe00000|  0%| F|  |TAMS 0x00000000ebd00000, 0x00000000ebd00000| Untracked 
| 190|0x00000000ebe00000, 0x00000000ebe00000, 0x00000000ebf00000|  0%| F|  |TAMS 0x00000000ebe00000, 0x00000000ebe00000| Untracked 
| 191|0x00000000ebf00000, 0x00000000ebf00000, 0x00000000ec000000|  0%| F|  |TAMS 0x00000000ebf00000, 0x00000000ebf00000| Untracked 
| 192|0x00000000ec000000, 0x00000000ec000000, 0x00000000ec100000|  0%| F|  |TAMS 0x00000000ec000000, 0x00000000ec000000| Untracked 
| 193|0x00000000ec100000, 0x00000000ec100000, 0x00000000ec200000|  0%| F|  |TAMS 0x00000000ec100000, 0x00000000ec100000| Untracked 
| 194|0x00000000ec200000, 0x00000000ec200000, 0x00000000ec300000|  0%| F|  |TAMS 0x00000000ec200000, 0x00000000ec200000| Untracked 
| 195|0x00000000ec300000, 0x00000000ec300000, 0x00000000ec400000|  0%| F|  |TAMS 0x00000000ec300000, 0x00000000ec300000| Untracked 
| 196|0x00000000ec400000, 0x00000000ec400000, 0x00000000ec500000|  0%| F|  |TAMS 0x00000000ec400000, 0x00000000ec400000| Untracked 
| 197|0x00000000ec500000, 0x00000000ec500000, 0x00000000ec600000|  0%| F|  |TAMS 0x00000000ec500000, 0x00000000ec500000| Untracked 
| 198|0x00000000ec600000, 0x00000000ec600000, 0x00000000ec700000|  0%| F|  |TAMS 0x00000000ec600000, 0x00000000ec600000| Untracked 
| 199|0x00000000ec700000, 0x00000000ec700000, 0x00000000ec800000|  0%| F|  |TAMS 0x00000000ec700000, 0x00000000ec700000| Untracked 
| 200|0x00000000ec800000, 0x00000000ec900000, 0x00000000ec900000|100%| E|  |TAMS 0x00000000ec800000, 0x00000000ec800000| Complete 
| 201|0x00000000ec900000, 0x00000000eca00000, 0x00000000eca00000|100%| E|CS|TAMS 0x00000000ec900000, 0x00000000ec900000| Complete 
| 202|0x00000000eca00000, 0x00000000ecb00000, 0x00000000ecb00000|100%| E|CS|TAMS 0x00000000eca00000, 0x00000000eca00000| Complete 
| 203|0x00000000ecb00000, 0x00000000ecc00000, 0x00000000ecc00000|100%| E|CS|TAMS 0x00000000ecb00000, 0x00000000ecb00000| Complete 
| 204|0x00000000ecc00000, 0x00000000ecd00000, 0x00000000ecd00000|100%| E|CS|TAMS 0x00000000ecc00000, 0x00000000ecc00000| Complete 
| 205|0x00000000ecd00000, 0x00000000ece00000, 0x00000000ece00000|100%| E|CS|TAMS 0x00000000ecd00000, 0x00000000ecd00000| Complete 
| 206|0x00000000ece00000, 0x00000000ecf00000, 0x00000000ecf00000|100%| E|CS|TAMS 0x00000000ece00000, 0x00000000ece00000| Complete 
| 207|0x00000000ecf00000, 0x00000000ed000000, 0x00000000ed000000|100%| E|CS|TAMS 0x00000000ecf00000, 0x00000000ecf00000| Complete 
| 208|0x00000000ed000000, 0x00000000ed100000, 0x00000000ed100000|100%| E|CS|TAMS 0x00000000ed000000, 0x00000000ed000000| Complete 
| 209|0x00000000ed100000, 0x00000000ed200000, 0x00000000ed200000|100%| E|CS|TAMS 0x00000000ed100000, 0x00000000ed100000| Complete 
| 210|0x00000000ed200000, 0x00000000ed300000, 0x00000000ed300000|100%| E|CS|TAMS 0x00000000ed200000, 0x00000000ed200000| Complete 
| 211|0x00000000ed300000, 0x00000000ed400000, 0x00000000ed400000|100%| E|CS|TAMS 0x00000000ed300000, 0x00000000ed300000| Complete 
| 212|0x00000000ed400000, 0x00000000ed500000, 0x00000000ed500000|100%| E|CS|TAMS 0x00000000ed400000, 0x00000000ed400000| Complete 
| 213|0x00000000ed500000, 0x00000000ed600000, 0x00000000ed600000|100%| E|CS|TAMS 0x00000000ed500000, 0x00000000ed500000| Complete 
| 214|0x00000000ed600000, 0x00000000ed700000, 0x00000000ed700000|100%| E|CS|TAMS 0x00000000ed600000, 0x00000000ed600000| Complete 
| 215|0x00000000ed700000, 0x00000000ed800000, 0x00000000ed800000|100%| E|CS|TAMS 0x00000000ed700000, 0x00000000ed700000| Complete 
| 216|0x00000000ed800000, 0x00000000ed900000, 0x00000000ed900000|100%| E|CS|TAMS 0x00000000ed800000, 0x00000000ed800000| Complete 
| 217|0x00000000ed900000, 0x00000000eda00000, 0x00000000eda00000|100%| E|CS|TAMS 0x00000000ed900000, 0x00000000ed900000| Complete 
| 218|0x00000000eda00000, 0x00000000edb00000, 0x00000000edb00000|100%| E|CS|TAMS 0x00000000eda00000, 0x00000000eda00000| Complete 
| 219|0x00000000edb00000, 0x00000000edc00000, 0x00000000edc00000|100%| E|CS|TAMS 0x00000000edb00000, 0x00000000edb00000| Complete 
| 220|0x00000000edc00000, 0x00000000edd00000, 0x00000000edd00000|100%| E|CS|TAMS 0x00000000edc00000, 0x00000000edc00000| Complete 
| 221|0x00000000edd00000, 0x00000000ede00000, 0x00000000ede00000|100%| E|CS|TAMS 0x00000000edd00000, 0x00000000edd00000| Complete 
| 222|0x00000000ede00000, 0x00000000edf00000, 0x00000000edf00000|100%| E|CS|TAMS 0x00000000ede00000, 0x00000000ede00000| Complete 
| 223|0x00000000edf00000, 0x00000000ee000000, 0x00000000ee000000|100%| E|CS|TAMS 0x00000000edf00000, 0x00000000edf00000| Complete 

Card table byte_map: [0x000001e63a340000,0x000001e63a440000] _byte_map_base: 0x000001e639c40000

Marking Bits (Prev, Next): (CMBitMap*) 0x000001e622c28158, (CMBitMap*) 0x000001e622c28190
 Prev Bits: [0x000001e63a540000, 0x000001e63ad40000)
 Next Bits: [0x000001e63ad40000, 0x000001e63b540000)

Polling page: 0x000001e622300000

Metaspace:

Usage:
  Non-class:     43.49 MB capacity,    42.68 MB ( 98%) used,   668.40 KB (  2%) free+waste,   159.94 KB ( <1%) overhead. 
      Class:      6.92 MB capacity,     6.39 MB ( 92%) used,   467.45 KB (  7%) free+waste,    76.94 KB (  1%) overhead. 
       Both:     50.41 MB capacity,    49.06 MB ( 97%) used,     1.11 MB (  2%) free+waste,   236.88 KB ( <1%) overhead. 

Virtual space:
  Non-class space:       44.00 MB reserved,      43.50 MB ( 99%) committed 
      Class space:        1.00 GB reserved,       7.00 MB ( <1%) committed 
             Both:        1.04 GB reserved,      50.50 MB (  5%) committed 

Chunk freelists:
   Non-Class:  1.88 KB
       Class:  2.25 KB
        Both:  4.13 KB

CodeHeap 'non-profiled nmethods': size=120000Kb used=2543Kb max_used=2543Kb free=117456Kb
 bounds [0x000001e6329e0000, 0x000001e632c60000, 0x000001e639f10000]
CodeHeap 'profiled nmethods': size=120000Kb used=9841Kb max_used=9841Kb free=110158Kb
 bounds [0x000001e62b4b0000, 0x000001e62be60000, 0x000001e6329e0000]
CodeHeap 'non-nmethods': size=5760Kb used=1186Kb max_used=1245Kb free=4573Kb
 bounds [0x000001e62af10000, 0x000001e62b180000, 0x000001e62b4b0000]
 total_blobs=5963 nmethods=4201 adapters=440
 compilation: enabled
              stopped_count=0, restarted_count=0
 full_count=0

Compilation events (10 events):
Event: 6.380 Thread 0x000001e63e827800 nmethod 4389 0x000001e632c4e810 code [0x000001e632c4eb60, 0x000001e632c519f8]
Event: 6.380 Thread 0x000001e63e82f000 4462       1       com.mysql.cj.conf.AbstractPropertyDefinition::getName (5 bytes)
Event: 6.380 Thread 0x000001e63e827800 4418       4       java.util.Properties::load0 (250 bytes)
Event: 6.380 Thread 0x000001e63e82f000 nmethod 4462 0x000001e632c53290 code [0x000001e632c53440, 0x000001e632c53558]
Event: 6.380 Thread 0x000001e63e82f000 4463       1       com.mysql.cj.conf.AbstractPropertyDefinition::getCcAlias (5 bytes)
Event: 6.380 Thread 0x000001e63e82f000 nmethod 4463 0x000001e632c53610 code [0x000001e632c537c0, 0x000001e632c538d8]
Event: 6.392 Thread 0x000001e63e827800 nmethod 4418 0x000001e632c53990 code [0x000001e632c53ba0, 0x000001e632c544c0]
Event: 6.393 Thread 0x000001e63e827800 4219       4       org.springframework.core.annotation.TypeMappedAnnotations::get (52 bytes)
Event: 6.408 Thread 0x000001e63e827800 nmethod 4219 0x000001e632c54a10 code [0x000001e632c54c00, 0x000001e632c553d8]
Event: 6.408 Thread 0x000001e63e827800 4225       4       org.springframework.core.annotation.TypeMappedAnnotations::from (24 bytes)

GC Heap History (10 events):
Event: 1.916 GC heap before
{Heap before GC invocations=1 (full 0):
 garbage-first heap   total 229376K, used 49820K [0x00000000e0000000, 0x0000000100000000)
  region size 1024K, 44 young (45056K), 3 survivors (3072K)
 Metaspace       used 20571K, capacity 21124K, committed 21248K, reserved 1069056K
  class space    used 2338K, capacity 2559K, committed 2560K, reserved 1048576K
}
Event: 1.921 GC heap after
{Heap after GC invocations=2 (full 0):
 garbage-first heap   total 229376K, used 10577K [0x00000000e0000000, 0x0000000100000000)
  region size 1024K, 5 young (5120K), 5 survivors (5120K)
 Metaspace       used 20571K, capacity 21124K, committed 21248K, reserved 1069056K
  class space    used 2338K, capacity 2559K, committed 2560K, reserved 1048576K
}
Event: 2.298 GC heap before
{Heap before GC invocations=3 (full 0):
 garbage-first heap   total 229376K, used 36177K [0x00000000e0000000, 0x0000000100000000)
  region size 1024K, 30 young (30720K), 5 survivors (5120K)
 Metaspace       used 24615K, capacity 25415K, committed 25600K, reserved 1071104K
  class space    used 2909K, capacity 3234K, committed 3328K, reserved 1048576K
}
Event: 2.301 GC heap after
{Heap after GC invocations=4 (full 0):
 garbage-first heap   total 229376K, used 11761K [0x00000000e0000000, 0x0000000100000000)
  region size 1024K, 3 young (3072K), 3 survivors (3072K)
 Metaspace       used 24615K, capacity 25415K, committed 25600K, reserved 1071104K
  class space    used 2909K, capacity 3234K, committed 3328K, reserved 1048576K
}
Event: 2.719 GC heap before
{Heap before GC invocations=4 (full 0):
 garbage-first heap   total 229376K, used 72177K [0x00000000e0000000, 0x0000000100000000)
  region size 1024K, 63 young (64512K), 3 survivors (3072K)
 Metaspace       used 29463K, capacity 30390K, committed 30592K, reserved 1075200K
  class space    used 3523K, capacity 3891K, committed 3968K, reserved 1048576K
}
Event: 2.723 GC heap after
{Heap after GC invocations=5 (full 0):
 garbage-first heap   total 229376K, used 12879K [0x00000000e0000000, 0x0000000100000000)
  region size 1024K, 5 young (5120K), 5 survivors (5120K)
 Metaspace       used 29463K, capacity 30390K, committed 30592K, reserved 1075200K
  class space    used 3523K, capacity 3891K, committed 3968K, reserved 1048576K
}
Event: 3.943 GC heap before
{Heap before GC invocations=5 (full 0):
 garbage-first heap   total 229376K, used 76367K [0x00000000e0000000, 0x0000000100000000)
  region size 1024K, 69 young (70656K), 5 survivors (5120K)
 Metaspace       used 34501K, capacity 35528K, committed 35584K, reserved 1081344K
  class space    used 4167K, capacity 4568K, committed 4608K, reserved 1048576K
}
Event: 3.954 GC heap after
{Heap after GC invocations=6 (full 0):
 garbage-first heap   total 229376K, used 15037K [0x00000000e0000000, 0x0000000100000000)
  region size 1024K, 7 young (7168K), 7 survivors (7168K)
 Metaspace       used 34501K, capacity 35528K, committed 35584K, reserved 1081344K
  class space    used 4167K, capacity 4568K, committed 4608K, reserved 1048576K
}
Event: 6.143 GC heap before
{Heap before GC invocations=7 (full 0):
 garbage-first heap   total 229376K, used 145085K [0x00000000e0000000, 0x0000000100000000)
  region size 1024K, 134 young (137216K), 7 survivors (7168K)
 Metaspace       used 46902K, capacity 48201K, committed 48512K, reserved 1091584K
  class space    used 6155K, capacity 6672K, committed 6784K, reserved 1048576K
}
Event: 6.152 GC heap after
{Heap after GC invocations=8 (full 0):
 garbage-first heap   total 229376K, used 19889K [0x00000000e0000000, 0x0000000100000000)
  region size 1024K, 11 young (11264K), 11 survivors (11264K)
 Metaspace       used 46902K, capacity 48201K, committed 48512K, reserved 1091584K
  class space    used 6155K, capacity 6672K, committed 6784K, reserved 1048576K
}

Deoptimization events (10 events):
Event: 5.659 Thread 0x000001e63f2e0000 Uncommon trap: reason=class_check action=maybe_recompile pc=0x000001e632c08b7c method=org.springframework.beans.factory.support.AbstractBeanFactory.isTypeMatch(Ljava/lang/String;Lorg/springframework/core/ResolvableType;Z)Z @ 53 c2
Event: 5.694 Thread 0x000001e63f2e0000 Uncommon trap: reason=unstable_if action=reinterpret pc=0x000001e632bf0ec4 method=org.springframework.boot.context.properties.source.ConfigurationPropertyName$ElementsParser.add(IILorg/springframework/boot/context/properties/source/ConfigurationPropertyNa
Event: 5.851 Thread 0x000001e63f2e0000 Uncommon trap: reason=class_check action=maybe_recompile pc=0x000001e632b90968 method=org.springframework.core.ResolvableType.resolveType()Lorg/springframework/core/ResolvableType; @ 101 c2
Event: 5.861 Thread 0x000001e63f2e0000 Uncommon trap: reason=class_check action=maybe_recompile pc=0x000001e632b90968 method=org.springframework.core.ResolvableType.resolveType()Lorg/springframework/core/ResolvableType; @ 101 c2
Event: 6.013 Thread 0x000001e63f2e0000 Uncommon trap: reason=unstable_if action=reinterpret pc=0x000001e632b3f7ec method=sun.reflect.annotation.AnnotationInvocationHandler.invoke(Ljava/lang/Object;Ljava/lang/reflect/Method;[Ljava/lang/Object;)Ljava/lang/Object; @ 64 c2
Event: 6.286 Thread 0x000001e63fe30800 Uncommon trap: reason=unstable_if action=reinterpret pc=0x000001e632ae0af8 method=java.util.Properties.loadConvert([CII[C)Ljava/lang/String; @ 57 c2
Event: 6.287 Thread 0x000001e63fe30800 Uncommon trap: reason=unstable_if action=reinterpret pc=0x000001e632b3afc4 method=java.nio.Buffer.position(I)Ljava/nio/Buffer; @ 45 c2
Event: 6.288 Thread 0x000001e63fe30800 Uncommon trap: reason=unstable_if action=reinterpret pc=0x000001e632ae2468 method=java.util.Properties$LineReader.readLine()I @ 445 c2
Event: 6.288 Thread 0x000001e63fe30800 Uncommon trap: reason=unstable_if action=reinterpret pc=0x000001e632a98e40 method=java.nio.Buffer.position(I)Ljava/nio/Buffer; @ 45 c2
Event: 6.291 Thread 0x000001e63fe30800 Uncommon trap: reason=unstable_if action=reinterpret pc=0x000001e632ae405c method=java.util.Properties.load0(Ljava/util/Properties$LineReader;)V @ 161 c2

Classes redefined (0 events):
No events

Internal exceptions (10 events):
Event: 6.413 Thread 0x000001e63f2e0000 Exception <a 'java/lang/ClassNotFoundException'{0x00000000ecc51670}: java/lang/ObjectCustomizer> (0x00000000ecc51670) thrown at [t:/workspace/open/src/hotspot/share/classfile/systemDictionary.cpp, line 231]
Event: 6.414 Thread 0x000001e63f2e0000 Exception <a 'java/lang/ClassNotFoundException'{0x00000000ecc67d90}: org/springframework/web/filter/GenericFilterBeanCustomizer> (0x00000000ecc67d90) thrown at [t:/workspace/open/src/hotspot/share/classfile/systemDictionary.cpp, line 231]
Event: 6.415 Thread 0x000001e63f2e0000 Exception <a 'java/lang/ClassNotFoundException'{0x00000000ecc81878}: org/springframework/web/filter/OncePerRequestFilterCustomizer> (0x00000000ecc81878) thrown at [t:/workspace/open/src/hotspot/share/classfile/systemDictionary.cpp, line 231]
Event: 6.416 Thread 0x000001e63f2e0000 Exception <a 'java/lang/ClassNotFoundException'{0x00000000ecb7e7f0}: com/example/dhtrack/dhtrack/security/jwt/AuthTokenFilterCustomizer> (0x00000000ecb7e7f0) thrown at [t:/workspace/open/src/hotspot/share/classfile/systemDictionary.cpp, line 231]
Event: 6.417 Thread 0x000001e63f2e0000 Exception <a 'java/lang/ClassNotFoundException'{0x00000000ecb927f8}: javax/servlet/FilterCustomizer> (0x00000000ecb927f8) thrown at [t:/workspace/open/src/hotspot/share/classfile/systemDictionary.cpp, line 231]
Event: 6.418 Thread 0x000001e63f2e0000 Exception <a 'java/lang/ClassNotFoundException'{0x00000000ecba6ea0}: org/springframework/beans/factory/BeanNameAwareCustomizer> (0x00000000ecba6ea0) thrown at [t:/workspace/open/src/hotspot/share/classfile/systemDictionary.cpp, line 231]
Event: 6.419 Thread 0x000001e63f2e0000 Exception <a 'java/lang/ClassNotFoundException'{0x00000000ecbb9968}: org/springframework/beans/factory/AwareCustomizer> (0x00000000ecbb9968) thrown at [t:/workspace/open/src/hotspot/share/classfile/systemDictionary.cpp, line 231]
Event: 6.420 Thread 0x000001e63f2e0000 Exception <a 'java/lang/ClassNotFoundException'{0x00000000ecbcc6b8}: org/springframework/context/EnvironmentAwareCustomizer> (0x00000000ecbcc6b8) thrown at [t:/workspace/open/src/hotspot/share/classfile/systemDictionary.cpp, line 231]
Event: 6.421 Thread 0x000001e63f2e0000 Exception <a 'java/lang/ClassNotFoundException'{0x00000000ecbdf170}: org/springframework/beans/factory/AwareCustomizer> (0x00000000ecbdf170) thrown at [t:/workspace/open/src/hotspot/share/classfile/systemDictionary.cpp, line 231]
Event: 6.423 Thread 0x000001e63f2e0000 Exception <a 'java/lang/ClassNotFoundException'{0x00000000ecbf2308}: org/springframework/core/env/EnvironmentCapableCustomizer> (0x00000000ecbf2308) thrown at [t:/workspace/open/src/hotspot/share/classfile/systemDictionary.cpp, line 231]

Events (10 events):
Event: 6.422 loading class org/springframework/core/env/EnvironmentCapableCustomizer
Event: 6.422 loading class org/springframework/core/env/EnvironmentCapableCustomizer done
Event: 6.422 loading class com/mysql/cj/protocol/ReadAheadInputStream
Event: 6.422 loading class com/mysql/cj/protocol/ReadAheadInputStream done
Event: 6.422 loading class org/springframework/core/env/EnvironmentCapableCustomizer
Event: 6.422 loading class org/springframework/core/env/EnvironmentCapableCustomizer done
Event: 6.422 loading class com/mysql/cj/protocol/PacketSentTimeHolder
Event: 6.422 loading class com/mysql/cj/protocol/PacketSentTimeHolder done
Event: 6.423 loading class org/springframework/core/env/EnvironmentCapableCustomizer
Event: 6.423 loading class org/springframework/core/env/EnvironmentCapableCustomizer done


Dynamic libraries:
0x00007ff6db520000 - 0x00007ff6db565000 	C:\Program Files\Java\jdk-11\bin\java.exe
0x00007ff99f930000 - 0x00007ff99fb26000 	C:\WINDOWS\SYSTEM32\ntdll.dll
0x00007ff96e360000 - 0x00007ff96e372000 	C:\Program Files\Avast Software\Avast\aswhook.dll
0x00007ff99dce0000 - 0x00007ff99dd9d000 	C:\WINDOWS\System32\KERNEL32.DLL
0x00007ff99d1d0000 - 0x00007ff99d498000 	C:\WINDOWS\System32\KERNELBASE.dll
0x00007ff99e1b0000 - 0x00007ff99e350000 	C:\WINDOWS\System32\USER32.dll
0x00007ff99d780000 - 0x00007ff99d7a2000 	C:\WINDOWS\System32\win32u.dll
0x00007ff99ea60000 - 0x00007ff99ea8a000 	C:\WINDOWS\System32\GDI32.dll
0x00007ff99d620000 - 0x00007ff99d729000 	C:\WINDOWS\System32\gdi32full.dll
0x00007ff99d520000 - 0x00007ff99d5bd000 	C:\WINDOWS\System32\msvcp_win.dll
0x00007ff99d890000 - 0x00007ff99d990000 	C:\WINDOWS\System32\ucrtbase.dll
0x00007ff985b30000 - 0x00007ff985dcb000 	C:\WINDOWS\WinSxS\amd64_microsoft.windows.common-controls_6595b64144ccf1df_6.0.19041.488_none_ca04af081b815d21\COMCTL32.dll
0x00007ff99e680000 - 0x00007ff99e71e000 	C:\WINDOWS\System32\msvcrt.dll
0x00007ff99eb60000 - 0x00007ff99eb90000 	C:\WINDOWS\System32\IMM32.DLL
0x00007ff929280000 - 0x00007ff929296000 	C:\Program Files\Java\jdk-11\bin\vcruntime140.dll
0x00007ff91b3c0000 - 0x00007ff91b46a000 	C:\Program Files\Java\jdk-11\bin\msvcp140.dll
0x00007ff904890000 - 0x00007ff9053d1000 	C:\Program Files\Java\jdk-11\bin\server\jvm.dll
0x00007ff99ea90000 - 0x00007ff99eb3c000 	C:\WINDOWS\System32\ADVAPI32.dll
0x00007ff99e550000 - 0x00007ff99e5eb000 	C:\WINDOWS\System32\sechost.dll
0x00007ff99dac0000 - 0x00007ff99dbe4000 	C:\WINDOWS\System32\RPCRT4.dll
0x00007ff99ea50000 - 0x00007ff99ea58000 	C:\WINDOWS\System32\PSAPI.DLL
0x00007ff97a310000 - 0x00007ff97a319000 	C:\WINDOWS\SYSTEM32\WSOCK32.dll
0x00007ff99f130000 - 0x00007ff99f19b000 	C:\WINDOWS\System32\WS2_32.dll
0x00007ff991c70000 - 0x00007ff991c97000 	C:\WINDOWS\SYSTEM32\WINMM.dll
0x00007ff993b30000 - 0x00007ff993b3a000 	C:\WINDOWS\SYSTEM32\VERSION.dll
0x00007ff99b980000 - 0x00007ff99b992000 	C:\WINDOWS\SYSTEM32\kernel.appcore.dll
0x00007ff91b9d0000 - 0x00007ff91b9e1000 	C:\Program Files\Java\jdk-11\bin\verify.dll
0x00007ff99b730000 - 0x00007ff99b914000 	C:\WINDOWS\SYSTEM32\DBGHELP.DLL
0x00007ff983a00000 - 0x00007ff983a2c000 	C:\WINDOWS\SYSTEM32\dbgcore.DLL
0x00007ff99d4a0000 - 0x00007ff99d51f000 	C:\WINDOWS\System32\bcryptPrimitives.dll
0x00007ff91b390000 - 0x00007ff91b3b8000 	C:\Program Files\Java\jdk-11\bin\java.dll
0x00007ff9178c0000 - 0x00007ff9178d6000 	C:\Program Files\Java\jdk-11\bin\zip.dll
0x00007ff938150000 - 0x00007ff93815a000 	C:\Program Files\Java\jdk-11\bin\jimage.dll
0x00007ff99f1a0000 - 0x00007ff99f8e1000 	C:\WINDOWS\System32\SHELL32.dll
0x00007ff99ae90000 - 0x00007ff99b625000 	C:\WINDOWS\SYSTEM32\windows.storage.dll
0x00007ff99dda0000 - 0x00007ff99e0f5000 	C:\WINDOWS\System32\combase.dll
0x00007ff99cae0000 - 0x00007ff99cb0c000 	C:\WINDOWS\SYSTEM32\Wldp.dll
0x00007ff99e430000 - 0x00007ff99e4de000 	C:\WINDOWS\System32\SHCORE.dll
0x00007ff99e8d0000 - 0x00007ff99e925000 	C:\WINDOWS\System32\shlwapi.dll
0x00007ff99cfa0000 - 0x00007ff99cfc6000 	C:\WINDOWS\SYSTEM32\profapi.dll
0x00007ff9178a0000 - 0x00007ff9178b9000 	C:\Program Files\Java\jdk-11\bin\net.dll
0x00007ff9945b0000 - 0x00007ff9946b0000 	C:\WINDOWS\SYSTEM32\WINHTTP.dll
0x00007ff99c860000 - 0x00007ff99c8ca000 	C:\WINDOWS\system32\mswsock.dll
0x00007ff917880000 - 0x00007ff917893000 	C:\Program Files\Java\jdk-11\bin\nio.dll
0x00007ff99ca30000 - 0x00007ff99ca48000 	C:\WINDOWS\SYSTEM32\CRYPTSP.dll
0x00007ff99c180000 - 0x00007ff99c1b4000 	C:\WINDOWS\system32\rsaenh.dll
0x00007ff99d7b0000 - 0x00007ff99d7d7000 	C:\WINDOWS\System32\bcrypt.dll
0x00007ff99cf60000 - 0x00007ff99cf8e000 	C:\WINDOWS\SYSTEM32\USERENV.dll
0x00007ff99ca50000 - 0x00007ff99ca5c000 	C:\WINDOWS\SYSTEM32\CRYPTBASE.dll
0x00007ff99c500000 - 0x00007ff99c53b000 	C:\WINDOWS\SYSTEM32\IPHLPAPI.DLL
0x00007ff99dcd0000 - 0x00007ff99dcd8000 	C:\WINDOWS\System32\NSI.dll
0x00007ff99b650000 - 0x00007ff99b667000 	C:\WINDOWS\SYSTEM32\dhcpcsvc6.DLL
0x00007ff99b630000 - 0x00007ff99b64d000 	C:\WINDOWS\SYSTEM32\dhcpcsvc.DLL
0x00007ff99c550000 - 0x00007ff99c61b000 	C:\WINDOWS\SYSTEM32\DNSAPI.dll
0x00007ff937db0000 - 0x00007ff937db9000 	C:\Program Files\Java\jdk-11\bin\management.dll
0x00007ff934340000 - 0x00007ff93434c000 	C:\Program Files\Java\jdk-11\bin\management_ext.dll
0x00007ff9762b0000 - 0x00007ff9762c7000 	C:\WINDOWS\system32\napinsp.dll
0x00007ff976290000 - 0x00007ff9762ab000 	C:\WINDOWS\system32\pnrpnsp.dll
0x00007ff997850000 - 0x00007ff997865000 	C:\WINDOWS\system32\wshbth.dll
0x00007ff998500000 - 0x00007ff99851d000 	C:\WINDOWS\system32\NLAapi.dll
0x00007ff975aa0000 - 0x00007ff975ab2000 	C:\WINDOWS\System32\winrnr.dll
0x00007ff9948f0000 - 0x00007ff9948fa000 	C:\Windows\System32\rasadhlp.dll
0x00007ff987700000 - 0x00007ff98777f000 	C:\WINDOWS\System32\fwpuclnt.dll

dbghelp: loaded successfully - version: 4.0.5 - missing functions: none
symbol engine: initialized successfully - sym options: 0x614 - pdb path: .;C:\Program Files\Java\jdk-11\bin;C:\WINDOWS\SYSTEM32;C:\Program Files\Avast Software\Avast;C:\WINDOWS\WinSxS\amd64_microsoft.windows.common-controls_6595b64144ccf1df_6.0.19041.488_none_ca04af081b815d21;C:\Program Files\Java\jdk-11\bin\server

VM Arguments:
jvm_args: -Dorg.gradle.native=false -Xmx512m -Dfile.encoding=windows-1251 -Duser.country=US -Duser.language=en -Duser.variant -ea 
java_command: worker.org.gradle.process.internal.worker.GradleWorkerMain 'Gradle Test Executor 2'
java_class_path (initial): C:\\Users\\User\\.gradle\\caches\\6.6.1\\workerMain\\gradle-worker.jar;C:\\Users\\User\\individualproject\\dhtrackproject\\build\\classes\\java\\test;C:\\Users\\User\\individualproject\\dhtrackproject\\build\\resources\\test;C:\\Users\\User\\individualproject\\dhtrackproject\\build\\classes\\java\\main;C:\\Users\\User\\individualproject\\dhtrackproject\\build\\resources\\main;C:\\Users\\User\\.gradle\\caches\\modules-2\\files-2.1\\com.h2database\\h2\\1.3.148\\ce09b82b041aed744c94cb1b1addd8a8ba244e54\\h2-1.3.148.jar;C:\\Users\\User\\.gradle\\caches\\modules-2\\files-2.1\\javax.validation\\validation-api\\2.0.0.Final\\4a7ff48084bd336c4de1f79f027f6f77badf399e\\validation-api-2.0.0.Final.jar;C:\\Users\\User\\.gradle\\caches\\modules-2\\files-2.1\\io.jsonwebtoken\\jjwt\\0.9.1\\54d2abfc3e63a28824d35bf600d6a5d627da681a\\jjwt-0.9.1.jar;C:\\Users\\User\\.gradle\\caches\\modules-2\\files-2.1\\org.springframework.boot\\spring-boot-starter-data-jpa\\2.3.4.RELEASE\\a8b9828649248d762d1d3fc6898c8d7e471e1a8e\\spring-boot-starter-data-jpa-2.3.4.RELEASE.jar;C:\\Users\\User\\.gradle\\caches\\modules-2\\files-2.1\\org.springframework.boot\\spring-boot-starter-web\\2.3.4.RELEASE\\fe00611add5307c1f25f955b5229b7dddaaa2ff4\\spring-boot-starter-web-2.3.4.RELEASE.jar;C:\\Users\\User\\.gradle\\caches\\modules-2\\files-2.1\\junit\\junit\\4.13.1\\cdd00374f1fee76b11e2a9d127405aa3f6be5b6a\\junit-4.13.1.jar;C:\\Users\\User\\.gradle\\caches\\modules-2\\files-2.1\\org.springframework.boot\\spring-boot-starter-security\\2.3.4.RELEASE\\c7cba64ec709aab550dbbeb9a97acc50d88f6f70\\spring-boot-starter-security-2.3.4.RELEASE.jar;C:\\Users\\User\\.gradle\\caches\\modules-2\\files-2.1\\org.springframework.security\\spring-security-test\\5.3.4.RELEASE\\366e566564a96dd5f27e425edceaf41da67e8204\\spring-security-test-5.3.4.RELEASE.jar;C:\\Users\\User\\.gradle\\caches\\modules-2\\files-2.1\\mysql\\mysql-connector-java\\8.0.21\\53fd3a0887667aae7e40a3439fff2d03d93ec4c2\\mysql-connector-j
Launcher Type: SUN_STANDARD

[Global flags]
     intx CICompilerCount                          = 4                                         {product} {ergonomic}
     uint ConcGCThreads                            = 2                                         {product} {ergonomic}
     uint G1ConcRefinementThreads                  = 8                                         {product} {ergonomic}
   size_t G1HeapRegionSize                         = 1048576                                   {product} {ergonomic}
    uintx GCDrainStackTargetSize                   = 64                                        {product} {ergonomic}
   size_t InitialHeapSize                          = 234881024                                 {product} {ergonomic}
   size_t MarkStackSize                            = 4194304                                   {product} {ergonomic}
   size_t MaxHeapSize                              = 536870912                                 {product} {command line}
   size_t MaxNewSize                               = 321912832                                 {product} {ergonomic}
   size_t MinHeapDeltaBytes                        = 1048576                                   {product} {ergonomic}
    uintx NonNMethodCodeHeapSize                   = 5835340                                {pd product} {ergonomic}
    uintx NonProfiledCodeHeapSize                  = 122911450                              {pd product} {ergonomic}
    uintx ProfiledCodeHeapSize                     = 122911450                              {pd product} {ergonomic}
    uintx ReservedCodeCacheSize                    = 251658240                              {pd product} {ergonomic}
     bool SegmentedCodeCache                       = true                                      {product} {ergonomic}
     bool UseCompressedClassPointers               = true                                 {lp64_product} {ergonomic}
     bool UseCompressedOops                        = true                                 {lp64_product} {ergonomic}
     bool UseG1GC                                  = true                                      {product} {ergonomic}
     bool UseLargePagesIndividualAllocation        = false                                  {pd product} {ergonomic}

Logging:
Log output configuration:
 #0: stdout all=warning uptime,level,tags
 #1: stderr all=off uptime,level,tags

Environment Variables:
JAVA_HOME=C:\Program Files\Java\jdk-11
PATH=C:\Program Files (x86)\Common Files\Oracle\Java\javapath;C:\WINDOWS\system32;C:\WINDOWS;C:\WINDOWS\System32\Wbem;C:\WINDOWS\System32\WindowsPowerShell\v1.0\;C:\WINDOWS\System32\OpenSSH\;C:\Program Files\dotnet\;C:\Program Files\Microsoft SQL Server\130\Tools\Binn\;C:\Program Files\Microsoft SQL Server\Client SDK\ODBC\170\Tools\Binn\;C:\Program Files\NVIDIA Corporation\NVIDIA NvDLISR;C:\Program Files (x86)\NVIDIA Corporation\PhysX\Common;D:\Programs\Git\cmd;C:\Program Files\nodejs\;C:\Users\User\AppData\Local\Microsoft\WindowsApps;C:\Users\User\.dotnet\tools;C:\Program Files\Java\jdk-14\bin;C:\Program Files (x86)\Java\jdk-14\bin;;D:\Programs\Microsoft VS Code\bin;C:\Users\User\AppData\Roaming\npm;D:\Programs\IntelliJ IDEA 2020.2.2\bin;
USERNAME=User
OS=Windows_NT
PROCESSOR_IDENTIFIER=AMD64 Family 23 Model 24 Stepping 1, AuthenticAMD



---------------  S Y S T E M  ---------------

OS: Windows 10 , 64 bit Build 19041 (10.0.19041.546)

CPU:total 8 (initial active 8) (8 cores per cpu, 2 threads per core) family 23 model 24 stepping 1, cmov, cx8, fxsr, mmx, sse, sse2, sse3, ssse3, sse4.1, sse4.2, popcnt, avx, avx2, aes, clmul, mmxext, 3dnowpref, lzcnt, sse4a, ht, tsc, tscinvbit, tscinv, bmi1, bmi2, adx, sha, fma

Memory: 4k page, system-wide physical 14209M (3077M free)
TotalPageFile size 18305M (AvailPageFile size 10M)
current process WorkingSet (physical memory assigned to process): 348M, peak: 349M
current process commit charge ("private bytes"): 460M, peak: 464M

vm_info: OpenJDK 64-Bit Server VM (11+28) for windows-amd64 JRE (11+28), built on Aug 23 2018 03:04:58 by "mach5one" with MS VC++ 15.5 (VS2017)

END.
