#
# There is insufficient memory for the Java Runtime Environment to continue.
# Native memory allocation (mmap) failed to map 65536 bytes for Failed to commit area from 0x000002bd35cb0000 to 0x000002bd35cc0000 of length 65536.
# Possible reasons:
#   The system is out of physical RAM or swap space
#   The process is running with CompressedOops enabled, and the Java Heap may be blocking the growth of the native heap
# Possible solutions:
#   Reduce memory load on the system
#   Increase physical memory or swap space
#   Check if swap backing store is full
#   Decrease Java heap size (-Xmx/-Xms)
#   Decrease number of Java threads
#   Decrease Java thread stack sizes (-Xss)
#   Set larger code cache with -XX:ReservedCodeCacheSize=
# This output file may be truncated or incomplete.
#
#  Out of Memory Error (t:/workspace/open/src/hotspot/os/windows/os_windows.cpp:3269), pid=17956, tid=15560
#
# JRE version:  (11.0+28) (build )
# Java VM: OpenJDK 64-Bit Server VM (11+28, mixed mode, aot, sharing, tiered, compressed oops, g1 gc, windows-amd64)
# No core dump will be written. Minidumps are not enabled by default on client versions of Windows
#

---------------  S U M M A R Y ------------

Command Line: -Dorg.gradle.native=false -Xmx512m -Dfile.encoding=windows-1251 -Duser.country=US -Duser.language=en -Duser.variant -ea worker.org.gradle.process.internal.worker.GradleWorkerMain 'Gradle Test Executor 10'

Host: AMD Ryzen 5 3550H with Radeon Vega Mobile Gfx  , 8 cores, 13G,  Windows 10 , 64 bit Build 19041 (10.0.19041.662)
Time: Sun Jan 17 13:16:52 2021 W. Europe Standard Time elapsed time: 0 seconds (0d 0h 0m 0s)

---------------  T H R E A D  ---------------

Current thread (0x000002bd1dd04000):  JavaThread "Unknown thread" [_thread_in_vm, id=15560, stack(0x000000e651700000,0x000000e651800000)]

Stack: [0x000000e651700000,0x000000e651800000]
Native frames: (J=compiled Java code, j=interpreted, Vv=VM code, C=native code)
V  [jvm.dll+0x63adaa]
V  [jvm.dll+0x77852f]
V  [jvm.dll+0x779b18]
V  [jvm.dll+0x77a1d3]
V  [jvm.dll+0x2624c8]
V  [jvm.dll+0x63825a]
V  [jvm.dll+0x62cb15]
V  [jvm.dll+0x31563c]
V  [jvm.dll+0x3154c2]
V  [jvm.dll+0x31ae4e]
V  [jvm.dll+0x3672bb]
V  [jvm.dll+0x366c90]
V  [jvm.dll+0x2f2378]
V  [jvm.dll+0x2f34d6]
V  [jvm.dll+0x7517d7]
V  [jvm.dll+0x752f1f]
V  [jvm.dll+0x374099]
V  [jvm.dll+0x738059]
V  [jvm.dll+0x3e35fd]
V  [jvm.dll+0x3e5961]
C  [java.exe+0x3603]
C  [java.exe+0x1746c]
C  [KERNEL32.DLL+0x17034]
C  [ntdll.dll+0x4d0d1]


---------------  P R O C E S S  ---------------

Threads class SMR info:
_java_thread_list=0x000002bd1c44c1c0, length=0, elements={
}

Java Threads: ( => current thread )

Other Threads:
  0x000002bd1dd1c000 GCTaskThread "GC Thread#0" [stack: 0x000000e651800000,0x000000e651900000] [id=16024]
  0x000002bd1dd2d800 ConcurrentGCThread "G1 Main Marker" [stack: 0x000000e651900000,0x000000e651a00000] [id=17200]
  0x000002bd1dd2f800 ConcurrentGCThread "G1 Conc#0" [stack: 0x000000e651a00000,0x000000e651b00000] [id=18464]

[error occurred during error reporting (printing all threads), id 0xc0000005, EXCEPTION_ACCESS_VIOLATION (0xc0000005) at pc=0x00007ffe067c0d37]

VM state:not at safepoint (not fully initialized)

VM Mutex/Monitor currently owned by a thread:  ([mutex/lock_event])
[0x000002bd1dd02a40] Heap_lock - owner thread: 0x000002bd1dd04000

Heap address: 0x00000000e0000000, size: 512 MB, Compressed Oops mode: Non-zero based: 0x00000000e0000000
Narrow klass base: 0x0000000000000000, Narrow klass shift: 0

GC Heap History (0 events):
No events

Deoptimization events (0 events):
No events

Classes redefined (0 events):
No events

Internal exceptions (0 events):
No events

Events (0 events):
No events


Dynamic libraries:
0x00007ff778ad0000 - 0x00007ff778b15000 	C:\Program Files\Java\jdk-11\bin\java.exe
0x00007ffea2a30000 - 0x00007ffea2c26000 	C:\WINDOWS\SYSTEM32\ntdll.dll
0x00007ffe74a00000 - 0x00007ffe74a12000 	C:\Program Files\Avast Software\Avast\aswhook.dll
0x00007ffea0ca0000 - 0x00007ffea0d5d000 	C:\WINDOWS\System32\KERNEL32.DLL
0x00007ffea06e0000 - 0x00007ffea09a9000 	C:\WINDOWS\System32\KERNELBASE.dll
0x00007ffea27f0000 - 0x00007ffea2990000 	C:\WINDOWS\System32\USER32.dll
0x00007ffea0210000 - 0x00007ffea0232000 	C:\WINDOWS\System32\win32u.dll
0x00007ffea1b20000 - 0x00007ffea1b4a000 	C:\WINDOWS\System32\GDI32.dll
0x00007ffea04d0000 - 0x00007ffea05db000 	C:\WINDOWS\System32\gdi32full.dll
0x00007ffea0170000 - 0x00007ffea020d000 	C:\WINDOWS\System32\msvcp_win.dll
0x00007ffea05e0000 - 0x00007ffea06e0000 	C:\WINDOWS\System32\ucrtbase.dll
0x00007ffe85c80000 - 0x00007ffe85f1b000 	C:\WINDOWS\WinSxS\amd64_microsoft.windows.common-controls_6595b64144ccf1df_6.0.19041.746_none_ca02b4b61b8320a4\COMCTL32.dll
0x00007ffea1200000 - 0x00007ffea129e000 	C:\WINDOWS\System32\msvcrt.dll
0x00007ffea1b50000 - 0x00007ffea1b80000 	C:\WINDOWS\System32\IMM32.DLL
0x00007ffe9a370000 - 0x00007ffe9a386000 	C:\Program Files\Java\jdk-11\bin\vcruntime140.dll
0x00007ffe5d130000 - 0x00007ffe5d1da000 	C:\Program Files\Java\jdk-11\bin\msvcp140.dll
0x00007ffe064c0000 - 0x00007ffe07001000 	C:\Program Files\Java\jdk-11\bin\server\jvm.dll
0x00007ffea2740000 - 0x00007ffea27ec000 	C:\WINDOWS\System32\ADVAPI32.dll
0x00007ffea10d0000 - 0x00007ffea116c000 	C:\WINDOWS\System32\sechost.dll
0x00007ffea1710000 - 0x00007ffea183b000 	C:\WINDOWS\System32\RPCRT4.dll
0x00007ffea1f70000 - 0x00007ffea1f78000 	C:\WINDOWS\System32\PSAPI.DLL
0x00007ffe7ec90000 - 0x00007ffe7ec99000 	C:\WINDOWS\SYSTEM32\WSOCK32.dll
0x00007ffea26d0000 - 0x00007ffea273b000 	C:\WINDOWS\System32\WS2_32.dll
0x00007ffe95370000 - 0x00007ffe95397000 	C:\WINDOWS\SYSTEM32\WINMM.dll
0x00007ffe96d20000 - 0x00007ffe96d2a000 	C:\WINDOWS\SYSTEM32\VERSION.dll
0x00007ffe9ea10000 - 0x00007ffe9ea22000 	C:\WINDOWS\SYSTEM32\kernel.appcore.dll
0x00007ffe8b980000 - 0x00007ffe8b991000 	C:\Program Files\Java\jdk-11\bin\verify.dll
0x00007ffe9e7f0000 - 0x00007ffe9e9d4000 	C:\WINDOWS\SYSTEM32\DBGHELP.DLL
0x00007ffe84b00000 - 0x00007ffe84b2c000 	C:\WINDOWS\SYSTEM32\dbgcore.DLL
0x00007ffea03f0000 - 0x00007ffea0470000 	C:\WINDOWS\System32\bcryptPrimitives.dll
0x00007ffe859f0000 - 0x00007ffe85a18000 	C:\Program Files\Java\jdk-11\bin\java.dll
0x00007ffe8b8a0000 - 0x00007ffe8b8b6000 	C:\Program Files\Java\jdk-11\bin\zip.dll
0x00007ffe85b40000 - 0x00007ffe85b4a000 	C:\Program Files\Java\jdk-11\bin\jimage.dll

dbghelp: loaded successfully - version: 4.0.5 - missing functions: none
symbol engine: initialized successfully - sym options: 0x614 - pdb path: .;C:\Program Files\Java\jdk-11\bin;C:\WINDOWS\SYSTEM32;C:\Program Files\Avast Software\Avast;C:\WINDOWS\WinSxS\amd64_microsoft.windows.common-controls_6595b64144ccf1df_6.0.19041.746_none_ca02b4b61b8320a4;C:\Program Files\Java\jdk-11\bin\server

VM Arguments:
jvm_args: -Dorg.gradle.native=false -Xmx512m -Dfile.encoding=windows-1251 -Duser.country=US -Duser.language=en -Duser.variant -ea 
java_command: worker.org.gradle.process.internal.worker.GradleWorkerMain 'Gradle Test Executor 10'
java_class_path (initial): C:\\Users\\User\\.gradle\\caches\\6.6.1\\workerMain\\gradle-worker.jar;C:\\Users\\User\\individualproject\\dhtrackproject\\build\\classes\\java\\test;C:\\Users\\User\\individualproject\\dhtrackproject\\build\\resources\\test;C:\\Users\\User\\individualproject\\dhtrackproject\\build\\classes\\java\\main;C:\\Users\\User\\individualproject\\dhtrackproject\\build\\resources\\main;C:\\Users\\User\\.gradle\\caches\\modules-2\\files-2.1\\com.h2database\\h2\\1.3.148\\ce09b82b041aed744c94cb1b1addd8a8ba244e54\\h2-1.3.148.jar;C:\\Users\\User\\.gradle\\caches\\modules-2\\files-2.1\\javax.validation\\validation-api\\2.0.0.Final\\4a7ff48084bd336c4de1f79f027f6f77badf399e\\validation-api-2.0.0.Final.jar;C:\\Users\\User\\.gradle\\caches\\modules-2\\files-2.1\\io.jsonwebtoken\\jjwt\\0.9.1\\54d2abfc3e63a28824d35bf600d6a5d627da681a\\jjwt-0.9.1.jar;C:\\Users\\User\\.gradle\\caches\\modules-2\\files-2.1\\org.springframework.boot\\spring-boot-starter-data-jpa\\2.3.4.RELEASE\\a8b9828649248d762d1d3fc6898c8d7e471e1a8e\\spring-boot-starter-data-jpa-2.3.4.RELEASE.jar;C:\\Users\\User\\.gradle\\caches\\modules-2\\files-2.1\\org.springframework.boot\\spring-boot-starter-websocket\\2.3.4.RELEASE\\f2f92e7a42450b32b34f52b3b3d66f67261e876a\\spring-boot-starter-websocket-2.3.4.RELEASE.jar;C:\\Users\\User\\.gradle\\caches\\modules-2\\files-2.1\\org.springframework.boot\\spring-boot-starter-web\\2.3.4.RELEASE\\fe00611add5307c1f25f955b5229b7dddaaa2ff4\\spring-boot-starter-web-2.3.4.RELEASE.jar;C:\\Users\\User\\.gradle\\caches\\modules-2\\files-2.1\\junit\\junit\\4.13.1\\cdd00374f1fee76b11e2a9d127405aa3f6be5b6a\\junit-4.13.1.jar;C:\\Users\\User\\.gradle\\caches\\modules-2\\files-2.1\\org.webjars\\webjars-locator-core\\0.45\\563bb603116495c706cbd985f83c23b5b66e7a85\\webjars-locator-core-0.45.jar;C:\\Users\\User\\.gradle\\caches\\modules-2\\files-2.1\\org.webjars\\sockjs-client\\1.0.2\\38abdad784d10a7fd9e25af81bdf47016e8ee50d\\sockjs-client-1.0.2.jar;C:\\Users\\User\\.gradle\\ca
Launcher Type: SUN_STANDARD

[Global flags]
     intx CICompilerCount                          = 4                                         {product} {ergonomic}
     uint ConcGCThreads                            = 2                                         {product} {ergonomic}
     uint G1ConcRefinementThreads                  = 8                                         {product} {ergonomic}
   size_t G1HeapRegionSize                         = 1048576                                   {product} {ergonomic}
    uintx GCDrainStackTargetSize                   = 64                                        {product} {ergonomic}
   size_t InitialHeapSize                          = 234881024                                 {product} {ergonomic}
   size_t MarkStackSize                            = 4194304                                   {product} {ergonomic}
   size_t MaxHeapSize                              = 536870912                                 {product} {command line}
   size_t MinHeapDeltaBytes                        = 1048576                                   {product} {ergonomic}
    uintx NonNMethodCodeHeapSize                   = 5835340                                {pd product} {ergonomic}
    uintx NonProfiledCodeHeapSize                  = 122911450                              {pd product} {ergonomic}
    uintx ProfiledCodeHeapSize                     = 122911450                              {pd product} {ergonomic}
    uintx ReservedCodeCacheSize                    = 251658240                              {pd product} {ergonomic}
     bool SegmentedCodeCache                       = true                                      {product} {ergonomic}
     bool UseCompressedClassPointers               = true                                 {lp64_product} {ergonomic}
     bool UseCompressedOops                        = true                                 {lp64_product} {ergonomic}
     bool UseG1GC                                  = true                                      {product} {ergonomic}
     bool UseLargePagesIndividualAllocation        = false                                  {pd product} {ergonomic}

Logging:
Log output configuration:
 #0: stdout all=warning uptime,level,tags
 #1: stderr all=off uptime,level,tags

Environment Variables:
JAVA_HOME=C:\Program Files\Java\jdk-11
PATH=C:\Program Files (x86)\Common Files\Oracle\Java\javapath;C:\WINDOWS\system32;C:\WINDOWS;C:\WINDOWS\System32\Wbem;C:\WINDOWS\System32\WindowsPowerShell\v1.0\;C:\WINDOWS\System32\OpenSSH\;C:\Program Files\dotnet\;C:\Program Files\Microsoft SQL Server\130\Tools\Binn\;C:\Program Files\Microsoft SQL Server\Client SDK\ODBC\170\Tools\Binn\;C:\Program Files\NVIDIA Corporation\NVIDIA NvDLISR;C:\Program Files (x86)\NVIDIA Corporation\PhysX\Common;D:\Programs\Git\cmd;C:\Program Files\nodejs\;C:\Program Files\apache-maven-3.6.3\apache-maven;C:\Users\User\S3-CB03-Group3\PAAS\openalprjni;C:\Users\User\S3-CB03-Group3\PAAS\openalpr;C:\Users\User\S3-CB03-Group3\PAAS\openalprpy;C:\Users\User\S3-CB03-Group3\PAAS\openalpr-net;C:\Users\User\S3-CB03-Group3\PAAS\opencv_world300;C:\Users\User\S3-CB03-Group3\PAAS\opencv_ffmpeg300_64;C:\Users\User\S3-CB03-Group3\PAAS\liblept170;;C:\Program Files\Docker\Docker\resources\bin;C:\ProgramData\DockerDesktop\version-bin;C:\Users\User\AppData\Local\Microsoft\WindowsApps;C:\Users\User\.dotnet\tools;C:\Program Files\Java\jdk-14\bin;C:\Program Files (x86)\Java\jdk-14\bin;D:\Programs\Microsoft VS Code\bin;C:\Users\User\AppData\Roaming\npm;D:\Programs\IntelliJ IDEA 2020.2.2\bin;;C:\Users\User\S3-CB03-Group3\PAAS\openalpr_dependencies\openalprjni;C:\Users\User\OpenALPRtest\openalprjni.dll;
USERNAME=User
OS=Windows_NT
PROCESSOR_IDENTIFIER=AMD64 Family 23 Model 24 Stepping 1, AuthenticAMD



---------------  S Y S T E M  ---------------

OS: Windows 10 , 64 bit Build 19041 (10.0.19041.662)

CPU:total 8 (initial active 8) (8 cores per cpu, 2 threads per core) family 23 model 24 stepping 1, cmov, cx8, fxsr, mmx, sse, sse2, sse3, ssse3, sse4.1, sse4.2, popcnt, avx, avx2, aes, clmul, mmxext, 3dnowpref, lzcnt, sse4a, ht, tsc, tscinvbit, tscinv, bmi1, bmi2, adx, sha, fma

Memory: 4k page, system-wide physical 14209M (2036M free)
TotalPageFile size 18305M (AvailPageFile size 7M)
current process WorkingSet (physical memory assigned to process): 17M, peak: 17M
current process commit charge ("private bytes"): 291M, peak: 291M

vm_info: OpenJDK 64-Bit Server VM (11+28) for windows-amd64 JRE (11+28), built on Aug 23 2018 03:04:58 by "mach5one" with MS VC++ 15.5 (VS2017)

END.
